d:\c++ projects\cppdataentry3\cppdataentry3\x64\debug\vc143.pdb
d:\c++ projects\cppdataentry3\cppdataentry3\x64\debug\.netframework,version=v4.7.2.assemblyattributes.obj
d:\c++ projects\cppdataentry3\cppdataentry3\x64\debug\myform.obj
d:\c++ projects\cppdataentry3\x64\debug\mysql.data.dll
d:\c++ projects\cppdataentry3\x64\debug\google.protobuf.dll
d:\c++ projects\cppdataentry3\x64\debug\zstdnet.dll
d:\c++ projects\cppdataentry3\x64\debug\k4os.compression.lz4.streams.dll
d:\c++ projects\cppdataentry3\x64\debug\bouncycastle.crypto.dll
d:\c++ projects\cppdataentry3\x64\debug\ubiety.dns.core.dll
d:\c++ projects\cppdataentry3\x64\debug\system.memory.dll
d:\c++ projects\cppdataentry3\x64\debug\system.buffers.dll
d:\c++ projects\cppdataentry3\x64\debug\k4os.compression.lz4.dll
d:\c++ projects\cppdataentry3\x64\debug\k4os.hash.xxhash.dll
d:\c++ projects\cppdataentry3\x64\debug\mysql.data.xml
d:\c++ projects\cppdataentry3\cppdataentry3\x64\debug\cppdataentry3.myform.resources
d:\c++ projects\cppdataentry3\cppdataentry3\x64\debug\cppdataentry3.previewform1.resources
d:\c++ projects\cppdataentry3\x64\debug\cppdataentry3.exe
d:\c++ projects\cppdataentry3\x64\debug\cppdataentry3.pdb
d:\c++ projects\cppdataentry3\cppdataentry3\x64\debug\cppdataentry3.tlog\metagen.write.1.tlog
d:\c++ projects\cppdataentry3\cppdataentry3\x64\debug\previewform1.obj
d:\c++ projects\cppdataentry3\cppdataentry3\x64\debug\cppdataentry3.tlog\cl.command.1.tlog
d:\c++ projects\cppdataentry3\cppdataentry3\x64\debug\cppdataentry3.tlog\cl.read.1.tlog
d:\c++ projects\cppdataentry3\cppdataentry3\x64\debug\cppdataentry3.tlog\cl.write.1.tlog
d:\c++ projects\cppdataentry3\cppdataentry3\x64\debug\cppdataentry3.tlog\copylocal.read.1u.tlog
d:\c++ projects\cppdataentry3\cppdataentry3\x64\debug\cppdataentry3.tlog\copylocal.write.1u.tlog
d:\c++ projects\cppdataentry3\cppdataentry3\x64\debug\cppdataentry3.tlog\cppdataentry3.write.1u.tlog
d:\c++ projects\cppdataentry3\cppdataentry3\x64\debug\cppdataentry3.tlog\link.command.1.tlog
d:\c++ projects\cppdataentry3\cppdataentry3\x64\debug\cppdataentry3.tlog\link.read.1.tlog
d:\c++ projects\cppdataentry3\cppdataentry3\x64\debug\cppdataentry3.tlog\link.write.1.tlog
d:\c++ projects\cppdataentry3\cppdataentry3\x64\debug\cppdataentry3.tlog\metagen.read.1.tlog
d:\c++ projects\cppdataentry3\cppdataentry3\x64\debug\cppdataentry3.tlog\mysql.data.dll.metagen
